

Version:	3.50
CmdLine:	C:\Users\ivan1\Desktop\Практика синергия\Лиза К4\tech.exe --l4j-debug
JNI:		No
WOW64:		Yes
Working dir:	C:\Users\ivan1\Desktop\Практика синергия\Лиза К4\.
Requires JDK:	No
Requires 64-Bit: No
Java min ver:	1.023.000
Java max ver:	
JRE paths:	C:\OpenJDK-23
Check launcher:	C:\OpenJDK-23\bin\javaw.exe (OK)
Version string: 1.023.000 / 64-Bit (OK)
Launcher:	C:\OpenJDK-23\bin\javaw.exe
Launcher args:	-jar "C:\Users\ivan1\Desktop\Практика синергия\Лиза К4\tech.exe"
Args length:	64/32768 chars
Exit code:	0


Version:	3.50
CmdLine:	C:\Users\ivan1\Desktop\Практика синергия\Лиза К4\tech.exe --l4j-debug
JNI:		No
WOW64:		Yes
Working dir:	C:\Users\ivan1\Desktop\Практика синергия\Лиза К4\.
Requires JDK:	No
Requires 64-Bit: No
Java min ver:	1.023.000
Java max ver:	
JRE paths:	C:\OpenJDK-23
Check launcher:	C:\OpenJDK-23\bin\javaw.exe (OK)
Version string: 1.023.000 / 64-Bit (OK)
Launcher:	C:\OpenJDK-23\bin\javaw.exe
Launcher args:	-jar "C:\Users\ivan1\Desktop\Практика синергия\Лиза К4\tech.exe"
Args length:	64/32768 chars
Exit code:	0


Version:	3.50
CmdLine:	C:\Users\ivan1\Desktop\Практика синергия\Лиза К4\tech.exe --l4j-debug
JNI:		No
WOW64:		Yes
Working dir:	C:\Users\ivan1\Desktop\Практика синергия\Лиза К4\.
Requires JDK:	No
Requires 64-Bit: No
Java min ver:	1.023.000
Java max ver:	
JRE paths:	C:\OpenJDK-23
Check launcher:	C:\OpenJDK-23\bin\javaw.exe (OK)
Version string: 1.023.000 / 64-Bit (OK)
Launcher:	C:\OpenJDK-23\bin\javaw.exe
Launcher args:	-jar "C:\Users\ivan1\Desktop\Практика синергия\Лиза К4\tech.exe"
Args length:	64/32768 chars
Exit code:	0


Version:	3.50
CmdLine:	C:\Users\ivan1\Desktop\Практика синергия\Лиза К4\tech.exe --l4j-debug
JNI:		No
WOW64:		Yes
Working dir:	C:\Users\ivan1\Desktop\Практика синергия\Лиза К4\.
Requires JDK:	No
Requires 64-Bit: No
Java min ver:	1.023.000
Java max ver:	
JRE paths:	C:\OpenJDK-23
Check launcher:	C:\OpenJDK-23\bin\javaw.exe (OK)
Version string: 1.023.000 / 64-Bit (OK)
Launcher:	C:\OpenJDK-23\bin\javaw.exe
Launcher args:	-jar "C:\Users\ivan1\Desktop\Практика синергия\Лиза К4\tech.exe"
Args length:	64/32768 chars
Exit code:	0
